<testsuites id="" name="" tests="18" failures="18" skipped="0" errors="0" time="26.234643">
<testsuite name="mathstorm-ui-tests.spec.ts" timestamp="2025-07-27T04:06:36.184Z" hostname="chromium" tests="18" failures="18" skipped="0" time="0.324" errors="0">
<testcase name="MathStorm Game Tests › Home Page and Initial Setup › should display the main Math Storm page" classname="mathstorm-ui-tests.spec.ts" time="0.018">
<failure message="mathstorm-ui-tests.spec.ts:9:9 should display the main Math Storm page" type="FAILURE">
<![CDATA[  [chromium] › mathstorm-ui-tests.spec.ts:9:9 › MathStorm Game Tests › Home Page and Initial Setup › should display the main Math Storm page 

    Error: browserType.launch: Executable doesn't exist at /home/runner/.cache/ms-playwright/chromium-1140/chrome-linux/chrome
    ╔═════════════════════════════════════════════════════════════════════════╗
    ║ Looks like Playwright Test or Playwright was just installed or updated. ║
    ║ Please run the following command to download new browsers:              ║
    ║                                                                         ║
    ║     npx playwright install                                              ║
    ║                                                                         ║
    ║ <3 Playwright Team                                                      ║
    ╚═════════════════════════════════════════════════════════════════════════╝

    Retry #1 ───────────────────────────────────────────────────────────────────────────────────────

    Error: browserType.launch: Executable doesn't exist at /home/runner/.cache/ms-playwright/chromium-1140/chrome-linux/chrome
    ╔═════════════════════════════════════════════════════════════════════════╗
    ║ Looks like Playwright Test or Playwright was just installed or updated. ║
    ║ Please run the following command to download new browsers:              ║
    ║                                                                         ║
    ║     npx playwright install                                              ║
    ║                                                                         ║
    ║ <3 Playwright Team                                                      ║
    ╚═════════════════════════════════════════════════════════════════════════╝

    attachment #1: trace (application/zip) ─────────────────────────────────────────────────────────
    test-results/mathstorm-ui-tests-MathSto-4e9a0-ay-the-main-Math-Storm-page-chromium-retry1/trace.zip
    Usage:

        npx playwright show-trace test-results/mathstorm-ui-tests-MathSto-4e9a0-ay-the-main-Math-Storm-page-chromium-retry1/trace.zip

    ────────────────────────────────────────────────────────────────────────────────────────────────

    Retry #2 ───────────────────────────────────────────────────────────────────────────────────────

    Error: browserType.launch: Executable doesn't exist at /home/runner/.cache/ms-playwright/chromium-1140/chrome-linux/chrome
    ╔═════════════════════════════════════════════════════════════════════════╗
    ║ Looks like Playwright Test or Playwright was just installed or updated. ║
    ║ Please run the following command to download new browsers:              ║
    ║                                                                         ║
    ║     npx playwright install                                              ║
    ║                                                                         ║
    ║ <3 Playwright Team                                                      ║
    ╚═════════════════════════════════════════════════════════════════════════╝
]]>
</failure>
<system-out>
<![CDATA[
[[ATTACHMENT|../test-results/mathstorm-ui-tests-MathSto-4e9a0-ay-the-main-Math-Storm-page-chromium-retry1/trace.zip]]
]]>
</system-out>
</testcase>
<testcase name="MathStorm Game Tests › Home Page and Initial Setup › should display all difficulty levels" classname="mathstorm-ui-tests.spec.ts" time="0.018">
<failure message="mathstorm-ui-tests.spec.ts:23:9 should display all difficulty levels" type="FAILURE">
<![CDATA[  [chromium] › mathstorm-ui-tests.spec.ts:23:9 › MathStorm Game Tests › Home Page and Initial Setup › should display all difficulty levels 

    Error: browserType.launch: Executable doesn't exist at /home/runner/.cache/ms-playwright/chromium-1140/chrome-linux/chrome
    ╔═════════════════════════════════════════════════════════════════════════╗
    ║ Looks like Playwright Test or Playwright was just installed or updated. ║
    ║ Please run the following command to download new browsers:              ║
    ║                                                                         ║
    ║     npx playwright install                                              ║
    ║                                                                         ║
    ║ <3 Playwright Team                                                      ║
    ╚═════════════════════════════════════════════════════════════════════════╝

    Retry #1 ───────────────────────────────────────────────────────────────────────────────────────

    Error: browserType.launch: Executable doesn't exist at /home/runner/.cache/ms-playwright/chromium-1140/chrome-linux/chrome
    ╔═════════════════════════════════════════════════════════════════════════╗
    ║ Looks like Playwright Test or Playwright was just installed or updated. ║
    ║ Please run the following command to download new browsers:              ║
    ║                                                                         ║
    ║     npx playwright install                                              ║
    ║                                                                         ║
    ║ <3 Playwright Team                                                      ║
    ╚═════════════════════════════════════════════════════════════════════════╝

    attachment #1: trace (application/zip) ─────────────────────────────────────────────────────────
    test-results/mathstorm-ui-tests-MathSto-6a533-splay-all-difficulty-levels-chromium-retry1/trace.zip
    Usage:

        npx playwright show-trace test-results/mathstorm-ui-tests-MathSto-6a533-splay-all-difficulty-levels-chromium-retry1/trace.zip

    ────────────────────────────────────────────────────────────────────────────────────────────────

    Retry #2 ───────────────────────────────────────────────────────────────────────────────────────

    Error: browserType.launch: Executable doesn't exist at /home/runner/.cache/ms-playwright/chromium-1140/chrome-linux/chrome
    ╔═════════════════════════════════════════════════════════════════════════╗
    ║ Looks like Playwright Test or Playwright was just installed or updated. ║
    ║ Please run the following command to download new browsers:              ║
    ║                                                                         ║
    ║     npx playwright install                                              ║
    ║                                                                         ║
    ║ <3 Playwright Team                                                      ║
    ╚═════════════════════════════════════════════════════════════════════════╝
]]>
</failure>
<system-out>
<![CDATA[
[[ATTACHMENT|../test-results/mathstorm-ui-tests-MathSto-6a533-splay-all-difficulty-levels-chromium-retry1/trace.zip]]
]]>
</system-out>
</testcase>
<testcase name="MathStorm Game Tests › Home Page and Initial Setup › should allow difficulty selection" classname="mathstorm-ui-tests.spec.ts" time="0.018">
<failure message="mathstorm-ui-tests.spec.ts:37:9 should allow difficulty selection" type="FAILURE">
<![CDATA[  [chromium] › mathstorm-ui-tests.spec.ts:37:9 › MathStorm Game Tests › Home Page and Initial Setup › should allow difficulty selection 

    Error: browserType.launch: Executable doesn't exist at /home/runner/.cache/ms-playwright/chromium-1140/chrome-linux/chrome
    ╔═════════════════════════════════════════════════════════════════════════╗
    ║ Looks like Playwright Test or Playwright was just installed or updated. ║
    ║ Please run the following command to download new browsers:              ║
    ║                                                                         ║
    ║     npx playwright install                                              ║
    ║                                                                         ║
    ║ <3 Playwright Team                                                      ║
    ╚═════════════════════════════════════════════════════════════════════════╝

    Retry #1 ───────────────────────────────────────────────────────────────────────────────────────

    Error: browserType.launch: Executable doesn't exist at /home/runner/.cache/ms-playwright/chromium-1140/chrome-linux/chrome
    ╔═════════════════════════════════════════════════════════════════════════╗
    ║ Looks like Playwright Test or Playwright was just installed or updated. ║
    ║ Please run the following command to download new browsers:              ║
    ║                                                                         ║
    ║     npx playwright install                                              ║
    ║                                                                         ║
    ║ <3 Playwright Team                                                      ║
    ╚═════════════════════════════════════════════════════════════════════════╝

    attachment #1: trace (application/zip) ─────────────────────────────────────────────────────────
    test-results/mathstorm-ui-tests-MathSto-bcfb1--allow-difficulty-selection-chromium-retry1/trace.zip
    Usage:

        npx playwright show-trace test-results/mathstorm-ui-tests-MathSto-bcfb1--allow-difficulty-selection-chromium-retry1/trace.zip

    ────────────────────────────────────────────────────────────────────────────────────────────────

    Retry #2 ───────────────────────────────────────────────────────────────────────────────────────

    Error: browserType.launch: Executable doesn't exist at /home/runner/.cache/ms-playwright/chromium-1140/chrome-linux/chrome
    ╔═════════════════════════════════════════════════════════════════════════╗
    ║ Looks like Playwright Test or Playwright was just installed or updated. ║
    ║ Please run the following command to download new browsers:              ║
    ║                                                                         ║
    ║     npx playwright install                                              ║
    ║                                                                         ║
    ║ <3 Playwright Team                                                      ║
    ╚═════════════════════════════════════════════════════════════════════════╝
]]>
</failure>
<system-out>
<![CDATA[
[[ATTACHMENT|../test-results/mathstorm-ui-tests-MathSto-bcfb1--allow-difficulty-selection-chromium-retry1/trace.zip]]
]]>
</system-out>
</testcase>
<testcase name="MathStorm Game Tests › Home Page and Initial Setup › should show different settings for each difficulty" classname="mathstorm-ui-tests.spec.ts" time="0.018">
<failure message="mathstorm-ui-tests.spec.ts:49:9 should show different settings for each difficulty" type="FAILURE">
<![CDATA[  [chromium] › mathstorm-ui-tests.spec.ts:49:9 › MathStorm Game Tests › Home Page and Initial Setup › should show different settings for each difficulty 

    Error: browserType.launch: Executable doesn't exist at /home/runner/.cache/ms-playwright/chromium-1140/chrome-linux/chrome
    ╔═════════════════════════════════════════════════════════════════════════╗
    ║ Looks like Playwright Test or Playwright was just installed or updated. ║
    ║ Please run the following command to download new browsers:              ║
    ║                                                                         ║
    ║     npx playwright install                                              ║
    ║                                                                         ║
    ║ <3 Playwright Team                                                      ║
    ╚═════════════════════════════════════════════════════════════════════════╝

    Retry #1 ───────────────────────────────────────────────────────────────────────────────────────

    Error: browserType.launch: Executable doesn't exist at /home/runner/.cache/ms-playwright/chromium-1140/chrome-linux/chrome
    ╔═════════════════════════════════════════════════════════════════════════╗
    ║ Looks like Playwright Test or Playwright was just installed or updated. ║
    ║ Please run the following command to download new browsers:              ║
    ║                                                                         ║
    ║     npx playwright install                                              ║
    ║                                                                         ║
    ║ <3 Playwright Team                                                      ║
    ╚═════════════════════════════════════════════════════════════════════════╝

    attachment #1: trace (application/zip) ─────────────────────────────────────────────────────────
    test-results/mathstorm-ui-tests-MathSto-064a6-ettings-for-each-difficulty-chromium-retry1/trace.zip
    Usage:

        npx playwright show-trace test-results/mathstorm-ui-tests-MathSto-064a6-ettings-for-each-difficulty-chromium-retry1/trace.zip

    ────────────────────────────────────────────────────────────────────────────────────────────────

    Retry #2 ───────────────────────────────────────────────────────────────────────────────────────

    Error: browserType.launch: Executable doesn't exist at /home/runner/.cache/ms-playwright/chromium-1140/chrome-linux/chrome
    ╔═════════════════════════════════════════════════════════════════════════╗
    ║ Looks like Playwright Test or Playwright was just installed or updated. ║
    ║ Please run the following command to download new browsers:              ║
    ║                                                                         ║
    ║     npx playwright install                                              ║
    ║                                                                         ║
    ║ <3 Playwright Team                                                      ║
    ╚═════════════════════════════════════════════════════════════════════════╝
]]>
</failure>
<system-out>
<![CDATA[
[[ATTACHMENT|../test-results/mathstorm-ui-tests-MathSto-064a6-ettings-for-each-difficulty-chromium-retry1/trace.zip]]
]]>
</system-out>
</testcase>
<testcase name="MathStorm Game Tests › Game Flow › should start a beginner game successfully" classname="mathstorm-ui-tests.spec.ts" time="0.018">
<failure message="mathstorm-ui-tests.spec.ts:64:9 should start a beginner game successfully" type="FAILURE">
<![CDATA[  [chromium] › mathstorm-ui-tests.spec.ts:64:9 › MathStorm Game Tests › Game Flow › should start a beginner game successfully 

    Error: browserType.launch: Executable doesn't exist at /home/runner/.cache/ms-playwright/chromium-1140/chrome-linux/chrome
    ╔═════════════════════════════════════════════════════════════════════════╗
    ║ Looks like Playwright Test or Playwright was just installed or updated. ║
    ║ Please run the following command to download new browsers:              ║
    ║                                                                         ║
    ║     npx playwright install                                              ║
    ║                                                                         ║
    ║ <3 Playwright Team                                                      ║
    ╚═════════════════════════════════════════════════════════════════════════╝

    Retry #1 ───────────────────────────────────────────────────────────────────────────────────────

    Error: browserType.launch: Executable doesn't exist at /home/runner/.cache/ms-playwright/chromium-1140/chrome-linux/chrome
    ╔═════════════════════════════════════════════════════════════════════════╗
    ║ Looks like Playwright Test or Playwright was just installed or updated. ║
    ║ Please run the following command to download new browsers:              ║
    ║                                                                         ║
    ║     npx playwright install                                              ║
    ║                                                                         ║
    ║ <3 Playwright Team                                                      ║
    ╚═════════════════════════════════════════════════════════════════════════╝

    attachment #1: trace (application/zip) ─────────────────────────────────────────────────────────
    test-results/mathstorm-ui-tests-MathSto-54e5a--beginner-game-successfully-chromium-retry1/trace.zip
    Usage:

        npx playwright show-trace test-results/mathstorm-ui-tests-MathSto-54e5a--beginner-game-successfully-chromium-retry1/trace.zip

    ────────────────────────────────────────────────────────────────────────────────────────────────

    Retry #2 ───────────────────────────────────────────────────────────────────────────────────────

    Error: browserType.launch: Executable doesn't exist at /home/runner/.cache/ms-playwright/chromium-1140/chrome-linux/chrome
    ╔═════════════════════════════════════════════════════════════════════════╗
    ║ Looks like Playwright Test or Playwright was just installed or updated. ║
    ║ Please run the following command to download new browsers:              ║
    ║                                                                         ║
    ║     npx playwright install                                              ║
    ║                                                                         ║
    ║ <3 Playwright Team                                                      ║
    ╚═════════════════════════════════════════════════════════════════════════╝
]]>
</failure>
<system-out>
<![CDATA[
[[ATTACHMENT|../test-results/mathstorm-ui-tests-MathSto-54e5a--beginner-game-successfully-chromium-retry1/trace.zip]]
]]>
</system-out>
</testcase>
<testcase name="MathStorm Game Tests › Game Flow › should start an expert game successfully" classname="mathstorm-ui-tests.spec.ts" time="0.018">
<failure message="mathstorm-ui-tests.spec.ts:82:9 should start an expert game successfully" type="FAILURE">
<![CDATA[  [chromium] › mathstorm-ui-tests.spec.ts:82:9 › MathStorm Game Tests › Game Flow › should start an expert game successfully 

    Error: browserType.launch: Executable doesn't exist at /home/runner/.cache/ms-playwright/chromium-1140/chrome-linux/chrome
    ╔═════════════════════════════════════════════════════════════════════════╗
    ║ Looks like Playwright Test or Playwright was just installed or updated. ║
    ║ Please run the following command to download new browsers:              ║
    ║                                                                         ║
    ║     npx playwright install                                              ║
    ║                                                                         ║
    ║ <3 Playwright Team                                                      ║
    ╚═════════════════════════════════════════════════════════════════════════╝

    Retry #1 ───────────────────────────────────────────────────────────────────────────────────────

    Error: browserType.launch: Executable doesn't exist at /home/runner/.cache/ms-playwright/chromium-1140/chrome-linux/chrome
    ╔═════════════════════════════════════════════════════════════════════════╗
    ║ Looks like Playwright Test or Playwright was just installed or updated. ║
    ║ Please run the following command to download new browsers:              ║
    ║                                                                         ║
    ║     npx playwright install                                              ║
    ║                                                                         ║
    ║ <3 Playwright Team                                                      ║
    ╚═════════════════════════════════════════════════════════════════════════╝

    attachment #1: trace (application/zip) ─────────────────────────────────────────────────────────
    test-results/mathstorm-ui-tests-MathSto-958fa-an-expert-game-successfully-chromium-retry1/trace.zip
    Usage:

        npx playwright show-trace test-results/mathstorm-ui-tests-MathSto-958fa-an-expert-game-successfully-chromium-retry1/trace.zip

    ────────────────────────────────────────────────────────────────────────────────────────────────

    Retry #2 ───────────────────────────────────────────────────────────────────────────────────────

    Error: browserType.launch: Executable doesn't exist at /home/runner/.cache/ms-playwright/chromium-1140/chrome-linux/chrome
    ╔═════════════════════════════════════════════════════════════════════════╗
    ║ Looks like Playwright Test or Playwright was just installed or updated. ║
    ║ Please run the following command to download new browsers:              ║
    ║                                                                         ║
    ║     npx playwright install                                              ║
    ║                                                                         ║
    ║ <3 Playwright Team                                                      ║
    ╚═════════════════════════════════════════════════════════════════════════╝
]]>
</failure>
<system-out>
<![CDATA[
[[ATTACHMENT|../test-results/mathstorm-ui-tests-MathSto-958fa-an-expert-game-successfully-chromium-retry1/trace.zip]]
]]>
</system-out>
</testcase>
<testcase name="MathStorm Game Tests › Game Flow › should allow answer submission and progress through questions" classname="mathstorm-ui-tests.spec.ts" time="0.018">
<failure message="mathstorm-ui-tests.spec.ts:94:9 should allow answer submission and progress through questions" type="FAILURE">
<![CDATA[  [chromium] › mathstorm-ui-tests.spec.ts:94:9 › MathStorm Game Tests › Game Flow › should allow answer submission and progress through questions 

    Error: browserType.launch: Executable doesn't exist at /home/runner/.cache/ms-playwright/chromium-1140/chrome-linux/chrome
    ╔═════════════════════════════════════════════════════════════════════════╗
    ║ Looks like Playwright Test or Playwright was just installed or updated. ║
    ║ Please run the following command to download new browsers:              ║
    ║                                                                         ║
    ║     npx playwright install                                              ║
    ║                                                                         ║
    ║ <3 Playwright Team                                                      ║
    ╚═════════════════════════════════════════════════════════════════════════╝

    Retry #1 ───────────────────────────────────────────────────────────────────────────────────────

    Error: browserType.launch: Executable doesn't exist at /home/runner/.cache/ms-playwright/chromium-1140/chrome-linux/chrome
    ╔═════════════════════════════════════════════════════════════════════════╗
    ║ Looks like Playwright Test or Playwright was just installed or updated. ║
    ║ Please run the following command to download new browsers:              ║
    ║                                                                         ║
    ║     npx playwright install                                              ║
    ║                                                                         ║
    ║ <3 Playwright Team                                                      ║
    ╚═════════════════════════════════════════════════════════════════════════╝

    attachment #1: trace (application/zip) ─────────────────────────────────────────────────────────
    test-results/mathstorm-ui-tests-MathSto-40056--progress-through-questions-chromium-retry1/trace.zip
    Usage:

        npx playwright show-trace test-results/mathstorm-ui-tests-MathSto-40056--progress-through-questions-chromium-retry1/trace.zip

    ────────────────────────────────────────────────────────────────────────────────────────────────

    Retry #2 ───────────────────────────────────────────────────────────────────────────────────────

    Error: browserType.launch: Executable doesn't exist at /home/runner/.cache/ms-playwright/chromium-1140/chrome-linux/chrome
    ╔═════════════════════════════════════════════════════════════════════════╗
    ║ Looks like Playwright Test or Playwright was just installed or updated. ║
    ║ Please run the following command to download new browsers:              ║
    ║                                                                         ║
    ║     npx playwright install                                              ║
    ║                                                                         ║
    ║ <3 Playwright Team                                                      ║
    ╚═════════════════════════════════════════════════════════════════════════╝
]]>
</failure>
<system-out>
<![CDATA[
[[ATTACHMENT|../test-results/mathstorm-ui-tests-MathSto-40056--progress-through-questions-chromium-retry1/trace.zip]]
]]>
</system-out>
</testcase>
<testcase name="MathStorm Game Tests › Game Flow › should complete a full game and show results" classname="mathstorm-ui-tests.spec.ts" time="0.018">
<failure message="mathstorm-ui-tests.spec.ts:122:9 should complete a full game and show results" type="FAILURE">
<![CDATA[  [chromium] › mathstorm-ui-tests.spec.ts:122:9 › MathStorm Game Tests › Game Flow › should complete a full game and show results 

    Error: browserType.launch: Executable doesn't exist at /home/runner/.cache/ms-playwright/chromium-1140/chrome-linux/chrome
    ╔═════════════════════════════════════════════════════════════════════════╗
    ║ Looks like Playwright Test or Playwright was just installed or updated. ║
    ║ Please run the following command to download new browsers:              ║
    ║                                                                         ║
    ║     npx playwright install                                              ║
    ║                                                                         ║
    ║ <3 Playwright Team                                                      ║
    ╚═════════════════════════════════════════════════════════════════════════╝

    Retry #1 ───────────────────────────────────────────────────────────────────────────────────────

    Error: browserType.launch: Executable doesn't exist at /home/runner/.cache/ms-playwright/chromium-1140/chrome-linux/chrome
    ╔═════════════════════════════════════════════════════════════════════════╗
    ║ Looks like Playwright Test or Playwright was just installed or updated. ║
    ║ Please run the following command to download new browsers:              ║
    ║                                                                         ║
    ║     npx playwright install                                              ║
    ║                                                                         ║
    ║ <3 Playwright Team                                                      ║
    ╚═════════════════════════════════════════════════════════════════════════╝

    attachment #1: trace (application/zip) ─────────────────────────────────────────────────────────
    test-results/mathstorm-ui-tests-MathSto-d99ba--full-game-and-show-results-chromium-retry1/trace.zip
    Usage:

        npx playwright show-trace test-results/mathstorm-ui-tests-MathSto-d99ba--full-game-and-show-results-chromium-retry1/trace.zip

    ────────────────────────────────────────────────────────────────────────────────────────────────

    Retry #2 ───────────────────────────────────────────────────────────────────────────────────────

    Error: browserType.launch: Executable doesn't exist at /home/runner/.cache/ms-playwright/chromium-1140/chrome-linux/chrome
    ╔═════════════════════════════════════════════════════════════════════════╗
    ║ Looks like Playwright Test or Playwright was just installed or updated. ║
    ║ Please run the following command to download new browsers:              ║
    ║                                                                         ║
    ║     npx playwright install                                              ║
    ║                                                                         ║
    ║ <3 Playwright Team                                                      ║
    ╚═════════════════════════════════════════════════════════════════════════╝
]]>
</failure>
<system-out>
<![CDATA[
[[ATTACHMENT|../test-results/mathstorm-ui-tests-MathSto-d99ba--full-game-and-show-results-chromium-retry1/trace.zip]]
]]>
</system-out>
</testcase>
<testcase name="MathStorm Game Tests › Game Flow › should allow playing again after game completion" classname="mathstorm-ui-tests.spec.ts" time="0.018">
<failure message="mathstorm-ui-tests.spec.ts:149:9 should allow playing again after game completion" type="FAILURE">
<![CDATA[  [chromium] › mathstorm-ui-tests.spec.ts:149:9 › MathStorm Game Tests › Game Flow › should allow playing again after game completion 

    Error: browserType.launch: Executable doesn't exist at /home/runner/.cache/ms-playwright/chromium-1140/chrome-linux/chrome
    ╔═════════════════════════════════════════════════════════════════════════╗
    ║ Looks like Playwright Test or Playwright was just installed or updated. ║
    ║ Please run the following command to download new browsers:              ║
    ║                                                                         ║
    ║     npx playwright install                                              ║
    ║                                                                         ║
    ║ <3 Playwright Team                                                      ║
    ╚═════════════════════════════════════════════════════════════════════════╝

    Retry #1 ───────────────────────────────────────────────────────────────────────────────────────

    Error: browserType.launch: Executable doesn't exist at /home/runner/.cache/ms-playwright/chromium-1140/chrome-linux/chrome
    ╔═════════════════════════════════════════════════════════════════════════╗
    ║ Looks like Playwright Test or Playwright was just installed or updated. ║
    ║ Please run the following command to download new browsers:              ║
    ║                                                                         ║
    ║     npx playwright install                                              ║
    ║                                                                         ║
    ║ <3 Playwright Team                                                      ║
    ╚═════════════════════════════════════════════════════════════════════════╝

    attachment #1: trace (application/zip) ─────────────────────────────────────────────────────────
    test-results/mathstorm-ui-tests-MathSto-f5200-again-after-game-completion-chromium-retry1/trace.zip
    Usage:

        npx playwright show-trace test-results/mathstorm-ui-tests-MathSto-f5200-again-after-game-completion-chromium-retry1/trace.zip

    ────────────────────────────────────────────────────────────────────────────────────────────────

    Retry #2 ───────────────────────────────────────────────────────────────────────────────────────

    Error: browserType.launch: Executable doesn't exist at /home/runner/.cache/ms-playwright/chromium-1140/chrome-linux/chrome
    ╔═════════════════════════════════════════════════════════════════════════╗
    ║ Looks like Playwright Test or Playwright was just installed or updated. ║
    ║ Please run the following command to download new browsers:              ║
    ║                                                                         ║
    ║     npx playwright install                                              ║
    ║                                                                         ║
    ║ <3 Playwright Team                                                      ║
    ╚═════════════════════════════════════════════════════════════════════════╝
]]>
</failure>
<system-out>
<![CDATA[
[[ATTACHMENT|../test-results/mathstorm-ui-tests-MathSto-f5200-again-after-game-completion-chromium-retry1/trace.zip]]
]]>
</system-out>
</testcase>
<testcase name="MathStorm Game Tests › User Interface and Interaction › should be responsive on mobile viewport" classname="mathstorm-ui-tests.spec.ts" time="0.018">
<failure message="mathstorm-ui-tests.spec.ts:174:9 should be responsive on mobile viewport" type="FAILURE">
<![CDATA[  [chromium] › mathstorm-ui-tests.spec.ts:174:9 › MathStorm Game Tests › User Interface and Interaction › should be responsive on mobile viewport 

    Error: browserType.launch: Executable doesn't exist at /home/runner/.cache/ms-playwright/chromium-1140/chrome-linux/chrome
    ╔═════════════════════════════════════════════════════════════════════════╗
    ║ Looks like Playwright Test or Playwright was just installed or updated. ║
    ║ Please run the following command to download new browsers:              ║
    ║                                                                         ║
    ║     npx playwright install                                              ║
    ║                                                                         ║
    ║ <3 Playwright Team                                                      ║
    ╚═════════════════════════════════════════════════════════════════════════╝

    Retry #1 ───────────────────────────────────────────────────────────────────────────────────────

    Error: browserType.launch: Executable doesn't exist at /home/runner/.cache/ms-playwright/chromium-1140/chrome-linux/chrome
    ╔═════════════════════════════════════════════════════════════════════════╗
    ║ Looks like Playwright Test or Playwright was just installed or updated. ║
    ║ Please run the following command to download new browsers:              ║
    ║                                                                         ║
    ║     npx playwright install                                              ║
    ║                                                                         ║
    ║ <3 Playwright Team                                                      ║
    ╚═════════════════════════════════════════════════════════════════════════╝

    attachment #1: trace (application/zip) ─────────────────────────────────────────────────────────
    test-results/mathstorm-ui-tests-MathSto-69c1b-sponsive-on-mobile-viewport-chromium-retry1/trace.zip
    Usage:

        npx playwright show-trace test-results/mathstorm-ui-tests-MathSto-69c1b-sponsive-on-mobile-viewport-chromium-retry1/trace.zip

    ────────────────────────────────────────────────────────────────────────────────────────────────

    Retry #2 ───────────────────────────────────────────────────────────────────────────────────────

    Error: browserType.launch: Executable doesn't exist at /home/runner/.cache/ms-playwright/chromium-1140/chrome-linux/chrome
    ╔═════════════════════════════════════════════════════════════════════════╗
    ║ Looks like Playwright Test or Playwright was just installed or updated. ║
    ║ Please run the following command to download new browsers:              ║
    ║                                                                         ║
    ║     npx playwright install                                              ║
    ║                                                                         ║
    ║ <3 Playwright Team                                                      ║
    ╚═════════════════════════════════════════════════════════════════════════╝
]]>
</failure>
<system-out>
<![CDATA[
[[ATTACHMENT|../test-results/mathstorm-ui-tests-MathSto-69c1b-sponsive-on-mobile-viewport-chromium-retry1/trace.zip]]
]]>
</system-out>
</testcase>
<testcase name="MathStorm Game Tests › User Interface and Interaction › should be responsive on tablet viewport" classname="mathstorm-ui-tests.spec.ts" time="0.018">
<failure message="mathstorm-ui-tests.spec.ts:187:9 should be responsive on tablet viewport" type="FAILURE">
<![CDATA[  [chromium] › mathstorm-ui-tests.spec.ts:187:9 › MathStorm Game Tests › User Interface and Interaction › should be responsive on tablet viewport 

    Error: browserType.launch: Executable doesn't exist at /home/runner/.cache/ms-playwright/chromium-1140/chrome-linux/chrome
    ╔═════════════════════════════════════════════════════════════════════════╗
    ║ Looks like Playwright Test or Playwright was just installed or updated. ║
    ║ Please run the following command to download new browsers:              ║
    ║                                                                         ║
    ║     npx playwright install                                              ║
    ║                                                                         ║
    ║ <3 Playwright Team                                                      ║
    ╚═════════════════════════════════════════════════════════════════════════╝

    Retry #1 ───────────────────────────────────────────────────────────────────────────────────────

    Error: browserType.launch: Executable doesn't exist at /home/runner/.cache/ms-playwright/chromium-1140/chrome-linux/chrome
    ╔═════════════════════════════════════════════════════════════════════════╗
    ║ Looks like Playwright Test or Playwright was just installed or updated. ║
    ║ Please run the following command to download new browsers:              ║
    ║                                                                         ║
    ║     npx playwright install                                              ║
    ║                                                                         ║
    ║ <3 Playwright Team                                                      ║
    ╚═════════════════════════════════════════════════════════════════════════╝

    attachment #1: trace (application/zip) ─────────────────────────────────────────────────────────
    test-results/mathstorm-ui-tests-MathSto-58ebc-sponsive-on-tablet-viewport-chromium-retry1/trace.zip
    Usage:

        npx playwright show-trace test-results/mathstorm-ui-tests-MathSto-58ebc-sponsive-on-tablet-viewport-chromium-retry1/trace.zip

    ────────────────────────────────────────────────────────────────────────────────────────────────

    Retry #2 ───────────────────────────────────────────────────────────────────────────────────────

    Error: browserType.launch: Executable doesn't exist at /home/runner/.cache/ms-playwright/chromium-1140/chrome-linux/chrome
    ╔═════════════════════════════════════════════════════════════════════════╗
    ║ Looks like Playwright Test or Playwright was just installed or updated. ║
    ║ Please run the following command to download new browsers:              ║
    ║                                                                         ║
    ║     npx playwright install                                              ║
    ║                                                                         ║
    ║ <3 Playwright Team                                                      ║
    ╚═════════════════════════════════════════════════════════════════════════╝
]]>
</failure>
<system-out>
<![CDATA[
[[ATTACHMENT|../test-results/mathstorm-ui-tests-MathSto-58ebc-sponsive-on-tablet-viewport-chromium-retry1/trace.zip]]
]]>
</system-out>
</testcase>
<testcase name="MathStorm Game Tests › User Interface and Interaction › should handle keyboard navigation" classname="mathstorm-ui-tests.spec.ts" time="0.018">
<failure message="mathstorm-ui-tests.spec.ts:201:9 should handle keyboard navigation" type="FAILURE">
<![CDATA[  [chromium] › mathstorm-ui-tests.spec.ts:201:9 › MathStorm Game Tests › User Interface and Interaction › should handle keyboard navigation 

    Error: browserType.launch: Executable doesn't exist at /home/runner/.cache/ms-playwright/chromium-1140/chrome-linux/chrome
    ╔═════════════════════════════════════════════════════════════════════════╗
    ║ Looks like Playwright Test or Playwright was just installed or updated. ║
    ║ Please run the following command to download new browsers:              ║
    ║                                                                         ║
    ║     npx playwright install                                              ║
    ║                                                                         ║
    ║ <3 Playwright Team                                                      ║
    ╚═════════════════════════════════════════════════════════════════════════╝

    Retry #1 ───────────────────────────────────────────────────────────────────────────────────────

    Error: browserType.launch: Executable doesn't exist at /home/runner/.cache/ms-playwright/chromium-1140/chrome-linux/chrome
    ╔═════════════════════════════════════════════════════════════════════════╗
    ║ Looks like Playwright Test or Playwright was just installed or updated. ║
    ║ Please run the following command to download new browsers:              ║
    ║                                                                         ║
    ║     npx playwright install                                              ║
    ║                                                                         ║
    ║ <3 Playwright Team                                                      ║
    ╚═════════════════════════════════════════════════════════════════════════╝

    attachment #1: trace (application/zip) ─────────────────────────────────────────────────────────
    test-results/mathstorm-ui-tests-MathSto-09156--handle-keyboard-navigation-chromium-retry1/trace.zip
    Usage:

        npx playwright show-trace test-results/mathstorm-ui-tests-MathSto-09156--handle-keyboard-navigation-chromium-retry1/trace.zip

    ────────────────────────────────────────────────────────────────────────────────────────────────

    Retry #2 ───────────────────────────────────────────────────────────────────────────────────────

    Error: browserType.launch: Executable doesn't exist at /home/runner/.cache/ms-playwright/chromium-1140/chrome-linux/chrome
    ╔═════════════════════════════════════════════════════════════════════════╗
    ║ Looks like Playwright Test or Playwright was just installed or updated. ║
    ║ Please run the following command to download new browsers:              ║
    ║                                                                         ║
    ║     npx playwright install                                              ║
    ║                                                                         ║
    ║ <3 Playwright Team                                                      ║
    ╚═════════════════════════════════════════════════════════════════════════╝
]]>
</failure>
<system-out>
<![CDATA[
[[ATTACHMENT|../test-results/mathstorm-ui-tests-MathSto-09156--handle-keyboard-navigation-chromium-retry1/trace.zip]]
]]>
</system-out>
</testcase>
<testcase name="MathStorm Game Tests › User Interface and Interaction › should validate answer input" classname="mathstorm-ui-tests.spec.ts" time="0.018">
<failure message="mathstorm-ui-tests.spec.ts:221:9 should validate answer input" type="FAILURE">
<![CDATA[  [chromium] › mathstorm-ui-tests.spec.ts:221:9 › MathStorm Game Tests › User Interface and Interaction › should validate answer input 

    Error: browserType.launch: Executable doesn't exist at /home/runner/.cache/ms-playwright/chromium-1140/chrome-linux/chrome
    ╔═════════════════════════════════════════════════════════════════════════╗
    ║ Looks like Playwright Test or Playwright was just installed or updated. ║
    ║ Please run the following command to download new browsers:              ║
    ║                                                                         ║
    ║     npx playwright install                                              ║
    ║                                                                         ║
    ║ <3 Playwright Team                                                      ║
    ╚═════════════════════════════════════════════════════════════════════════╝

    Retry #1 ───────────────────────────────────────────────────────────────────────────────────────

    Error: browserType.launch: Executable doesn't exist at /home/runner/.cache/ms-playwright/chromium-1140/chrome-linux/chrome
    ╔═════════════════════════════════════════════════════════════════════════╗
    ║ Looks like Playwright Test or Playwright was just installed or updated. ║
    ║ Please run the following command to download new browsers:              ║
    ║                                                                         ║
    ║     npx playwright install                                              ║
    ║                                                                         ║
    ║ <3 Playwright Team                                                      ║
    ╚═════════════════════════════════════════════════════════════════════════╝

    attachment #1: trace (application/zip) ─────────────────────────────────────────────────────────
    test-results/mathstorm-ui-tests-MathSto-7fc02-hould-validate-answer-input-chromium-retry1/trace.zip
    Usage:

        npx playwright show-trace test-results/mathstorm-ui-tests-MathSto-7fc02-hould-validate-answer-input-chromium-retry1/trace.zip

    ────────────────────────────────────────────────────────────────────────────────────────────────

    Retry #2 ───────────────────────────────────────────────────────────────────────────────────────

    Error: browserType.launch: Executable doesn't exist at /home/runner/.cache/ms-playwright/chromium-1140/chrome-linux/chrome
    ╔═════════════════════════════════════════════════════════════════════════╗
    ║ Looks like Playwright Test or Playwright was just installed or updated. ║
    ║ Please run the following command to download new browsers:              ║
    ║                                                                         ║
    ║     npx playwright install                                              ║
    ║                                                                         ║
    ║ <3 Playwright Team                                                      ║
    ╚═════════════════════════════════════════════════════════════════════════╝
]]>
</failure>
<system-out>
<![CDATA[
[[ATTACHMENT|../test-results/mathstorm-ui-tests-MathSto-7fc02-hould-validate-answer-input-chromium-retry1/trace.zip]]
]]>
</system-out>
</testcase>
<testcase name="MathStorm Game Tests › Accessibility › should have proper heading hierarchy" classname="mathstorm-ui-tests.spec.ts" time="0.018">
<failure message="mathstorm-ui-tests.spec.ts:237:9 should have proper heading hierarchy" type="FAILURE">
<![CDATA[  [chromium] › mathstorm-ui-tests.spec.ts:237:9 › MathStorm Game Tests › Accessibility › should have proper heading hierarchy 

    Error: browserType.launch: Executable doesn't exist at /home/runner/.cache/ms-playwright/chromium-1140/chrome-linux/chrome
    ╔═════════════════════════════════════════════════════════════════════════╗
    ║ Looks like Playwright Test or Playwright was just installed or updated. ║
    ║ Please run the following command to download new browsers:              ║
    ║                                                                         ║
    ║     npx playwright install                                              ║
    ║                                                                         ║
    ║ <3 Playwright Team                                                      ║
    ╚═════════════════════════════════════════════════════════════════════════╝

    Retry #1 ───────────────────────────────────────────────────────────────────────────────────────

    Error: browserType.launch: Executable doesn't exist at /home/runner/.cache/ms-playwright/chromium-1140/chrome-linux/chrome
    ╔═════════════════════════════════════════════════════════════════════════╗
    ║ Looks like Playwright Test or Playwright was just installed or updated. ║
    ║ Please run the following command to download new browsers:              ║
    ║                                                                         ║
    ║     npx playwright install                                              ║
    ║                                                                         ║
    ║ <3 Playwright Team                                                      ║
    ╚═════════════════════════════════════════════════════════════════════════╝

    attachment #1: trace (application/zip) ─────────────────────────────────────────────────────────
    test-results/mathstorm-ui-tests-MathSto-0f0a6-ve-proper-heading-hierarchy-chromium-retry1/trace.zip
    Usage:

        npx playwright show-trace test-results/mathstorm-ui-tests-MathSto-0f0a6-ve-proper-heading-hierarchy-chromium-retry1/trace.zip

    ────────────────────────────────────────────────────────────────────────────────────────────────

    Retry #2 ───────────────────────────────────────────────────────────────────────────────────────

    Error: browserType.launch: Executable doesn't exist at /home/runner/.cache/ms-playwright/chromium-1140/chrome-linux/chrome
    ╔═════════════════════════════════════════════════════════════════════════╗
    ║ Looks like Playwright Test or Playwright was just installed or updated. ║
    ║ Please run the following command to download new browsers:              ║
    ║                                                                         ║
    ║     npx playwright install                                              ║
    ║                                                                         ║
    ║ <3 Playwright Team                                                      ║
    ╚═════════════════════════════════════════════════════════════════════════╝
]]>
</failure>
<system-out>
<![CDATA[
[[ATTACHMENT|../test-results/mathstorm-ui-tests-MathSto-0f0a6-ve-proper-heading-hierarchy-chromium-retry1/trace.zip]]
]]>
</system-out>
</testcase>
<testcase name="MathStorm Game Tests › Accessibility › should have accessible form elements" classname="mathstorm-ui-tests.spec.ts" time="0.018">
<failure message="mathstorm-ui-tests.spec.ts:245:9 should have accessible form elements" type="FAILURE">
<![CDATA[  [chromium] › mathstorm-ui-tests.spec.ts:245:9 › MathStorm Game Tests › Accessibility › should have accessible form elements 

    Error: browserType.launch: Executable doesn't exist at /home/runner/.cache/ms-playwright/chromium-1140/chrome-linux/chrome
    ╔═════════════════════════════════════════════════════════════════════════╗
    ║ Looks like Playwright Test or Playwright was just installed or updated. ║
    ║ Please run the following command to download new browsers:              ║
    ║                                                                         ║
    ║     npx playwright install                                              ║
    ║                                                                         ║
    ║ <3 Playwright Team                                                      ║
    ╚═════════════════════════════════════════════════════════════════════════╝

    Retry #1 ───────────────────────────────────────────────────────────────────────────────────────

    Error: browserType.launch: Executable doesn't exist at /home/runner/.cache/ms-playwright/chromium-1140/chrome-linux/chrome
    ╔═════════════════════════════════════════════════════════════════════════╗
    ║ Looks like Playwright Test or Playwright was just installed or updated. ║
    ║ Please run the following command to download new browsers:              ║
    ║                                                                         ║
    ║     npx playwright install                                              ║
    ║                                                                         ║
    ║ <3 Playwright Team                                                      ║
    ╚═════════════════════════════════════════════════════════════════════════╝

    attachment #1: trace (application/zip) ─────────────────────────────────────────────────────────
    test-results/mathstorm-ui-tests-MathSto-44900-ve-accessible-form-elements-chromium-retry1/trace.zip
    Usage:

        npx playwright show-trace test-results/mathstorm-ui-tests-MathSto-44900-ve-accessible-form-elements-chromium-retry1/trace.zip

    ────────────────────────────────────────────────────────────────────────────────────────────────

    Retry #2 ───────────────────────────────────────────────────────────────────────────────────────

    Error: browserType.launch: Executable doesn't exist at /home/runner/.cache/ms-playwright/chromium-1140/chrome-linux/chrome
    ╔═════════════════════════════════════════════════════════════════════════╗
    ║ Looks like Playwright Test or Playwright was just installed or updated. ║
    ║ Please run the following command to download new browsers:              ║
    ║                                                                         ║
    ║     npx playwright install                                              ║
    ║                                                                         ║
    ║ <3 Playwright Team                                                      ║
    ╚═════════════════════════════════════════════════════════════════════════╝
]]>
</failure>
<system-out>
<![CDATA[
[[ATTACHMENT|../test-results/mathstorm-ui-tests-MathSto-44900-ve-accessible-form-elements-chromium-retry1/trace.zip]]
]]>
</system-out>
</testcase>
<testcase name="MathStorm Game Tests › Accessibility › should support high contrast mode" classname="mathstorm-ui-tests.spec.ts" time="0.018">
<failure message="mathstorm-ui-tests.spec.ts:258:9 should support high contrast mode" type="FAILURE">
<![CDATA[  [chromium] › mathstorm-ui-tests.spec.ts:258:9 › MathStorm Game Tests › Accessibility › should support high contrast mode 

    Error: browserType.launch: Executable doesn't exist at /home/runner/.cache/ms-playwright/chromium-1140/chrome-linux/chrome
    ╔═════════════════════════════════════════════════════════════════════════╗
    ║ Looks like Playwright Test or Playwright was just installed or updated. ║
    ║ Please run the following command to download new browsers:              ║
    ║                                                                         ║
    ║     npx playwright install                                              ║
    ║                                                                         ║
    ║ <3 Playwright Team                                                      ║
    ╚═════════════════════════════════════════════════════════════════════════╝

    Retry #1 ───────────────────────────────────────────────────────────────────────────────────────

    Error: browserType.launch: Executable doesn't exist at /home/runner/.cache/ms-playwright/chromium-1140/chrome-linux/chrome
    ╔═════════════════════════════════════════════════════════════════════════╗
    ║ Looks like Playwright Test or Playwright was just installed or updated. ║
    ║ Please run the following command to download new browsers:              ║
    ║                                                                         ║
    ║     npx playwright install                                              ║
    ║                                                                         ║
    ║ <3 Playwright Team                                                      ║
    ╚═════════════════════════════════════════════════════════════════════════╝

    attachment #1: trace (application/zip) ─────────────────────────────────────────────────────────
    test-results/mathstorm-ui-tests-MathSto-e698a--support-high-contrast-mode-chromium-retry1/trace.zip
    Usage:

        npx playwright show-trace test-results/mathstorm-ui-tests-MathSto-e698a--support-high-contrast-mode-chromium-retry1/trace.zip

    ────────────────────────────────────────────────────────────────────────────────────────────────

    Retry #2 ───────────────────────────────────────────────────────────────────────────────────────

    Error: browserType.launch: Executable doesn't exist at /home/runner/.cache/ms-playwright/chromium-1140/chrome-linux/chrome
    ╔═════════════════════════════════════════════════════════════════════════╗
    ║ Looks like Playwright Test or Playwright was just installed or updated. ║
    ║ Please run the following command to download new browsers:              ║
    ║                                                                         ║
    ║     npx playwright install                                              ║
    ║                                                                         ║
    ║ <3 Playwright Team                                                      ║
    ╚═════════════════════════════════════════════════════════════════════════╝
]]>
</failure>
<system-out>
<![CDATA[
[[ATTACHMENT|../test-results/mathstorm-ui-tests-MathSto-e698a--support-high-contrast-mode-chromium-retry1/trace.zip]]
]]>
</system-out>
</testcase>
<testcase name="MathStorm Game Tests › Performance and Error Handling › should load quickly" classname="mathstorm-ui-tests.spec.ts" time="0.018">
<failure message="mathstorm-ui-tests.spec.ts:269:9 should load quickly" type="FAILURE">
<![CDATA[  [chromium] › mathstorm-ui-tests.spec.ts:269:9 › MathStorm Game Tests › Performance and Error Handling › should load quickly 

    Error: browserType.launch: Executable doesn't exist at /home/runner/.cache/ms-playwright/chromium-1140/chrome-linux/chrome
    ╔═════════════════════════════════════════════════════════════════════════╗
    ║ Looks like Playwright Test or Playwright was just installed or updated. ║
    ║ Please run the following command to download new browsers:              ║
    ║                                                                         ║
    ║     npx playwright install                                              ║
    ║                                                                         ║
    ║ <3 Playwright Team                                                      ║
    ╚═════════════════════════════════════════════════════════════════════════╝

    Retry #1 ───────────────────────────────────────────────────────────────────────────────────────

    Error: browserType.launch: Executable doesn't exist at /home/runner/.cache/ms-playwright/chromium-1140/chrome-linux/chrome
    ╔═════════════════════════════════════════════════════════════════════════╗
    ║ Looks like Playwright Test or Playwright was just installed or updated. ║
    ║ Please run the following command to download new browsers:              ║
    ║                                                                         ║
    ║     npx playwright install                                              ║
    ║                                                                         ║
    ║ <3 Playwright Team                                                      ║
    ╚═════════════════════════════════════════════════════════════════════════╝

    attachment #1: trace (application/zip) ─────────────────────────────────────────────────────────
    test-results/mathstorm-ui-tests-MathSto-44a0c-andling-should-load-quickly-chromium-retry1/trace.zip
    Usage:

        npx playwright show-trace test-results/mathstorm-ui-tests-MathSto-44a0c-andling-should-load-quickly-chromium-retry1/trace.zip

    ────────────────────────────────────────────────────────────────────────────────────────────────

    Retry #2 ───────────────────────────────────────────────────────────────────────────────────────

    Error: browserType.launch: Executable doesn't exist at /home/runner/.cache/ms-playwright/chromium-1140/chrome-linux/chrome
    ╔═════════════════════════════════════════════════════════════════════════╗
    ║ Looks like Playwright Test or Playwright was just installed or updated. ║
    ║ Please run the following command to download new browsers:              ║
    ║                                                                         ║
    ║     npx playwright install                                              ║
    ║                                                                         ║
    ║ <3 Playwright Team                                                      ║
    ╚═════════════════════════════════════════════════════════════════════════╝
]]>
</failure>
<system-out>
<![CDATA[
[[ATTACHMENT|../test-results/mathstorm-ui-tests-MathSto-44a0c-andling-should-load-quickly-chromium-retry1/trace.zip]]
]]>
</system-out>
</testcase>
<testcase name="MathStorm Game Tests › Performance and Error Handling › should handle rapid clicking gracefully" classname="mathstorm-ui-tests.spec.ts" time="0.018">
<failure message="mathstorm-ui-tests.spec.ts:281:9 should handle rapid clicking gracefully" type="FAILURE">
<![CDATA[  [chromium] › mathstorm-ui-tests.spec.ts:281:9 › MathStorm Game Tests › Performance and Error Handling › should handle rapid clicking gracefully 

    Error: browserType.launch: Executable doesn't exist at /home/runner/.cache/ms-playwright/chromium-1140/chrome-linux/chrome
    ╔═════════════════════════════════════════════════════════════════════════╗
    ║ Looks like Playwright Test or Playwright was just installed or updated. ║
    ║ Please run the following command to download new browsers:              ║
    ║                                                                         ║
    ║     npx playwright install                                              ║
    ║                                                                         ║
    ║ <3 Playwright Team                                                      ║
    ╚═════════════════════════════════════════════════════════════════════════╝

    Retry #1 ───────────────────────────────────────────────────────────────────────────────────────

    Error: browserType.launch: Executable doesn't exist at /home/runner/.cache/ms-playwright/chromium-1140/chrome-linux/chrome
    ╔═════════════════════════════════════════════════════════════════════════╗
    ║ Looks like Playwright Test or Playwright was just installed or updated. ║
    ║ Please run the following command to download new browsers:              ║
    ║                                                                         ║
    ║     npx playwright install                                              ║
    ║                                                                         ║
    ║ <3 Playwright Team                                                      ║
    ╚═════════════════════════════════════════════════════════════════════════╝

    attachment #1: trace (application/zip) ─────────────────────────────────────────────────────────
    test-results/mathstorm-ui-tests-MathSto-bf724-e-rapid-clicking-gracefully-chromium-retry1/trace.zip
    Usage:

        npx playwright show-trace test-results/mathstorm-ui-tests-MathSto-bf724-e-rapid-clicking-gracefully-chromium-retry1/trace.zip

    ────────────────────────────────────────────────────────────────────────────────────────────────

    Retry #2 ───────────────────────────────────────────────────────────────────────────────────────

    Error: browserType.launch: Executable doesn't exist at /home/runner/.cache/ms-playwright/chromium-1140/chrome-linux/chrome
    ╔═════════════════════════════════════════════════════════════════════════╗
    ║ Looks like Playwright Test or Playwright was just installed or updated. ║
    ║ Please run the following command to download new browsers:              ║
    ║                                                                         ║
    ║     npx playwright install                                              ║
    ║                                                                         ║
    ║ <3 Playwright Team                                                      ║
    ╚═════════════════════════════════════════════════════════════════════════╝
]]>
</failure>
<system-out>
<![CDATA[
[[ATTACHMENT|../test-results/mathstorm-ui-tests-MathSto-bf724-e-rapid-clicking-gracefully-chromium-retry1/trace.zip]]
]]>
</system-out>
</testcase>
</testsuite>
</testsuites>